<?xml version="1.0" encoding="UTF-8"?>
<!-- Generated by org.testng.reporters.JUnitXMLReporter -->
<testsuite hostname="Is-MacBook-Pro" name="Verizon Functional Regression Test" tests="11" failures="0" timestamp="18 Jul 2020 07:06:10 GMT" time="61.52" errors="0">
  <testcase name="verifyMainPageTitleTest" time="0.062" classname="com.qa.verizon.test.MainPageTest"/>
  <testcase name="verifyGetTitle" time="0.067" classname="com.qa.verizon.test.CardPageTest"/>
  <testcase name="verifyGetPageTitleTest" time="0.098" classname="com.qa.verizon.test.SelectedPhonePageTest"/>
  <testcase name="verifySmartPhonePageTitleTest" time="0.121" classname="com.qa.verizon.test.SmartPhonePageTest"/>
  <testcase name="verifyGetPageHeaderTest" time="0.734" classname="com.qa.verizon.test.SelectedPhonePageTest"/>
  <testcase name="verifyGetPageHeader" time="0.738" classname="com.qa.verizon.test.CardPageTest"/>
  <testcase name="verifyPhoneName" time="0.729" classname="com.qa.verizon.test.CardPageTest"/>
  <testcase name="verifySmartPhoneHeaderTest" time="0.76" classname="com.qa.verizon.test.SmartPhonePageTest"/>
  <testcase name="doGetClickSmartPhone" time="0.996" classname="com.qa.verizon.test.MainPageTest"/>
  <testcase name="doClick" time="3.39" classname="com.qa.verizon.test.SmartPhonePageTest"/>
  <testcase name="verifdoClickFeaturesTest" time="9.156" classname="com.qa.verizon.test.SelectedPhonePageTest"/>
</testsuite> <!-- Verizon Functional Regression Test -->
